{"C:\\Users\\Lucas\\Documents\\code\\states-managment\\src\\hooks\\useStateHistory.ts": {"path":"C:\\Users\\Lucas\\Documents\\code\\states-managment\\src\\hooks\\useStateHistory.ts","all":false,"statementMap":{"0":{"start":{"line":1,"column":0},"end":{"line":1,"column":26}},"1":{"start":{"line":2,"column":0},"end":{"line":2,"column":0}},"2":{"start":{"line":3,"column":0},"end":{"line":3,"column":38}},"3":{"start":{"line":4,"column":0},"end":{"line":4,"column":92}},"4":{"start":{"line":5,"column":0},"end":{"line":5,"column":20}},"5":{"start":{"line":6,"column":0},"end":{"line":6,"column":15}},"6":{"start":{"line":7,"column":0},"end":{"line":7,"column":5}},"7":{"start":{"line":8,"column":0},"end":{"line":8,"column":0}},"8":{"start":{"line":9,"column":0},"end":{"line":9,"column":28}},"9":{"start":{"line":10,"column":0},"end":{"line":10,"column":46}},"10":{"start":{"line":11,"column":0},"end":{"line":11,"column":48}},"11":{"start":{"line":12,"column":0},"end":{"line":12,"column":66}},"12":{"start":{"line":13,"column":0},"end":{"line":13,"column":12}},"13":{"start":{"line":14,"column":0},"end":{"line":14,"column":54}},"14":{"start":{"line":15,"column":0},"end":{"line":15,"column":5}},"15":{"start":{"line":16,"column":0},"end":{"line":16,"column":3}},"16":{"start":{"line":17,"column":0},"end":{"line":17,"column":0}},"17":{"start":{"line":18,"column":0},"end":{"line":18,"column":24}},"18":{"start":{"line":19,"column":0},"end":{"line":19,"column":46}},"19":{"start":{"line":20,"column":0},"end":{"line":20,"column":49}},"20":{"start":{"line":21,"column":0},"end":{"line":21,"column":66}},"21":{"start":{"line":22,"column":0},"end":{"line":22,"column":12}},"22":{"start":{"line":23,"column":0},"end":{"line":23,"column":50}},"23":{"start":{"line":24,"column":0},"end":{"line":24,"column":5}},"24":{"start":{"line":25,"column":0},"end":{"line":25,"column":3}},"25":{"start":{"line":26,"column":0},"end":{"line":26,"column":0}},"26":{"start":{"line":27,"column":0},"end":{"line":27,"column":54}},"27":{"start":{"line":28,"column":0},"end":{"line":28,"column":44}},"28":{"start":{"line":29,"column":0},"end":{"line":29,"column":46}},"29":{"start":{"line":30,"column":0},"end":{"line":30,"column":5}},"30":{"start":{"line":31,"column":0},"end":{"line":31,"column":61}},"31":{"start":{"line":32,"column":0},"end":{"line":32,"column":3}},"32":{"start":{"line":33,"column":0},"end":{"line":33,"column":0}},"33":{"start":{"line":34,"column":0},"end":{"line":34,"column":34}},"34":{"start":{"line":35,"column":0},"end":{"line":35,"column":37}},"35":{"start":{"line":36,"column":0},"end":{"line":36,"column":28}},"36":{"start":{"line":37,"column":0},"end":{"line":37,"column":83}},"37":{"start":{"line":38,"column":0},"end":{"line":38,"column":69}},"38":{"start":{"line":39,"column":0},"end":{"line":39,"column":9}},"39":{"start":{"line":40,"column":0},"end":{"line":40,"column":12}},"40":{"start":{"line":41,"column":0},"end":{"line":41,"column":29}},"41":{"start":{"line":42,"column":0},"end":{"line":42,"column":43}},"42":{"start":{"line":43,"column":0},"end":{"line":43,"column":24}},"43":{"start":{"line":44,"column":0},"end":{"line":44,"column":10}},"44":{"start":{"line":45,"column":0},"end":{"line":45,"column":5}},"45":{"start":{"line":46,"column":0},"end":{"line":46,"column":3}},"46":{"start":{"line":47,"column":0},"end":{"line":47,"column":0}},"47":{"start":{"line":48,"column":0},"end":{"line":48,"column":39}},"48":{"start":{"line":49,"column":0},"end":{"line":49,"column":26}},"49":{"start":{"line":50,"column":0},"end":{"line":50,"column":41}},"50":{"start":{"line":51,"column":0},"end":{"line":51,"column":33}},"51":{"start":{"line":52,"column":0},"end":{"line":52,"column":44}},"52":{"start":{"line":53,"column":0},"end":{"line":53,"column":7}},"53":{"start":{"line":54,"column":0},"end":{"line":54,"column":3}},"54":{"start":{"line":55,"column":0},"end":{"line":55,"column":0}},"55":{"start":{"line":56,"column":0},"end":{"line":56,"column":68}},"56":{"start":{"line":57,"column":0},"end":{"line":57,"column":83}},"57":{"start":{"line":58,"column":0},"end":{"line":58,"column":47}},"58":{"start":{"line":59,"column":0},"end":{"line":59,"column":70}},"59":{"start":{"line":60,"column":0},"end":{"line":60,"column":5}},"60":{"start":{"line":61,"column":0},"end":{"line":61,"column":0}},"61":{"start":{"line":62,"column":0},"end":{"line":62,"column":67}},"62":{"start":{"line":63,"column":0},"end":{"line":63,"column":3}},"63":{"start":{"line":64,"column":0},"end":{"line":64,"column":0}},"64":{"start":{"line":65,"column":0},"end":{"line":65,"column":27}},"65":{"start":{"line":66,"column":0},"end":{"line":66,"column":48}},"66":{"start":{"line":67,"column":0},"end":{"line":67,"column":3}},"67":{"start":{"line":68,"column":0},"end":{"line":68,"column":0}},"68":{"start":{"line":69,"column":0},"end":{"line":69,"column":10}},"69":{"start":{"line":70,"column":0},"end":{"line":70,"column":27}},"70":{"start":{"line":71,"column":0},"end":{"line":71,"column":31}},"71":{"start":{"line":72,"column":0},"end":{"line":72,"column":39}},"72":{"start":{"line":73,"column":0},"end":{"line":73,"column":48}},"73":{"start":{"line":74,"column":0},"end":{"line":74,"column":13}},"74":{"start":{"line":75,"column":0},"end":{"line":75,"column":16}},"75":{"start":{"line":76,"column":0},"end":{"line":76,"column":14}},"76":{"start":{"line":77,"column":0},"end":{"line":77,"column":18}},"77":{"start":{"line":78,"column":0},"end":{"line":78,"column":17}},"78":{"start":{"line":79,"column":0},"end":{"line":79,"column":4}},"79":{"start":{"line":80,"column":0},"end":{"line":80,"column":1}}},"s":{"0":1,"1":1,"2":1,"3":38,"4":38,"5":38,"6":38,"7":38,"8":38,"9":5,"10":5,"11":4,"12":5,"13":1,"14":1,"15":5,"16":38,"17":38,"18":2,"19":2,"20":1,"21":1,"22":1,"23":1,"24":2,"25":38,"26":38,"27":3,"28":1,"29":1,"30":2,"31":2,"32":38,"33":38,"34":15,"35":1,"36":1,"37":1,"38":1,"39":15,"40":14,"41":14,"42":14,"43":14,"44":14,"45":15,"46":38,"47":38,"48":1,"49":1,"50":1,"51":1,"52":1,"53":1,"54":38,"55":38,"56":3,"57":3,"58":1,"59":1,"60":2,"61":2,"62":2,"63":38,"64":38,"65":1,"66":1,"67":38,"68":38,"69":38,"70":38,"71":38,"72":38,"73":38,"74":38,"75":38,"76":38,"77":38,"78":38,"79":38},"branchMap":{"0":{"type":"branch","line":3,"loc":{"start":{"line":3,"column":7},"end":{"line":80,"column":1}},"locations":[{"start":{"line":3,"column":7},"end":{"line":80,"column":1}}]},"1":{"type":"branch","line":9,"loc":{"start":{"line":9,"column":2},"end":{"line":16,"column":3}},"locations":[{"start":{"line":9,"column":2},"end":{"line":16,"column":3}}]},"2":{"type":"branch","line":11,"loc":{"start":{"line":11,"column":47},"end":{"line":13,"column":11}},"locations":[{"start":{"line":11,"column":47},"end":{"line":13,"column":11}}]},"3":{"type":"branch","line":13,"loc":{"start":{"line":13,"column":4},"end":{"line":15,"column":5}},"locations":[{"start":{"line":13,"column":4},"end":{"line":15,"column":5}}]},"4":{"type":"branch","line":12,"loc":{"start":{"line":12,"column":17},"end":{"line":12,"column":66}},"locations":[{"start":{"line":12,"column":17},"end":{"line":12,"column":66}}]},"5":{"type":"branch","line":18,"loc":{"start":{"line":18,"column":2},"end":{"line":25,"column":3}},"locations":[{"start":{"line":18,"column":2},"end":{"line":25,"column":3}}]},"6":{"type":"branch","line":20,"loc":{"start":{"line":20,"column":29},"end":{"line":20,"column":48}},"locations":[{"start":{"line":20,"column":29},"end":{"line":20,"column":48}}]},"7":{"type":"branch","line":20,"loc":{"start":{"line":20,"column":48},"end":{"line":24,"column":5}},"locations":[{"start":{"line":20,"column":48},"end":{"line":24,"column":5}}]},"8":{"type":"branch","line":21,"loc":{"start":{"line":21,"column":17},"end":{"line":21,"column":66}},"locations":[{"start":{"line":21,"column":17},"end":{"line":21,"column":66}}]},"9":{"type":"branch","line":27,"loc":{"start":{"line":27,"column":2},"end":{"line":32,"column":3}},"locations":[{"start":{"line":27,"column":2},"end":{"line":32,"column":3}}]},"10":{"type":"branch","line":28,"loc":{"start":{"line":28,"column":43},"end":{"line":30,"column":5}},"locations":[{"start":{"line":28,"column":43},"end":{"line":30,"column":5}}]},"11":{"type":"branch","line":31,"loc":{"start":{"line":31,"column":-2},"end":{"line":32,"column":3}},"locations":[{"start":{"line":31,"column":-2},"end":{"line":32,"column":3}}]},"12":{"type":"branch","line":31,"loc":{"start":{"line":31,"column":15},"end":{"line":31,"column":61}},"locations":[{"start":{"line":31,"column":15},"end":{"line":31,"column":61}}]},"13":{"type":"branch","line":34,"loc":{"start":{"line":34,"column":2},"end":{"line":46,"column":3}},"locations":[{"start":{"line":34,"column":2},"end":{"line":46,"column":3}}]},"14":{"type":"branch","line":35,"loc":{"start":{"line":35,"column":36},"end":{"line":40,"column":11}},"locations":[{"start":{"line":35,"column":36},"end":{"line":40,"column":11}}]},"15":{"type":"branch","line":40,"loc":{"start":{"line":40,"column":4},"end":{"line":45,"column":5}},"locations":[{"start":{"line":40,"column":4},"end":{"line":45,"column":5}}]},"16":{"type":"branch","line":36,"loc":{"start":{"line":36,"column":17},"end":{"line":39,"column":9}},"locations":[{"start":{"line":36,"column":17},"end":{"line":39,"column":9}}]},"17":{"type":"branch","line":41,"loc":{"start":{"line":41,"column":17},"end":{"line":44,"column":10}},"locations":[{"start":{"line":41,"column":17},"end":{"line":44,"column":10}}]},"18":{"type":"branch","line":48,"loc":{"start":{"line":48,"column":2},"end":{"line":54,"column":3}},"locations":[{"start":{"line":48,"column":2},"end":{"line":54,"column":3}}]},"19":{"type":"branch","line":49,"loc":{"start":{"line":49,"column":15},"end":{"line":53,"column":7}},"locations":[{"start":{"line":49,"column":15},"end":{"line":53,"column":7}}]},"20":{"type":"branch","line":56,"loc":{"start":{"line":56,"column":2},"end":{"line":63,"column":3}},"locations":[{"start":{"line":56,"column":2},"end":{"line":63,"column":3}}]},"21":{"type":"branch","line":57,"loc":{"start":{"line":57,"column":39},"end":{"line":57,"column":62}},"locations":[{"start":{"line":57,"column":39},"end":{"line":57,"column":62}}]},"22":{"type":"branch","line":57,"loc":{"start":{"line":57,"column":51},"end":{"line":57,"column":82}},"locations":[{"start":{"line":57,"column":51},"end":{"line":57,"column":82}}]},"23":{"type":"branch","line":58,"loc":{"start":{"line":58,"column":46},"end":{"line":60,"column":5}},"locations":[{"start":{"line":58,"column":46},"end":{"line":60,"column":5}}]},"24":{"type":"branch","line":61,"loc":{"start":{"line":61,"column":-2},"end":{"line":63,"column":3}},"locations":[{"start":{"line":61,"column":-2},"end":{"line":63,"column":3}}]},"25":{"type":"branch","line":65,"loc":{"start":{"line":65,"column":2},"end":{"line":67,"column":3}},"locations":[{"start":{"line":65,"column":2},"end":{"line":67,"column":3}}]}},"b":{"0":[38],"1":[5],"2":[4],"3":[1],"4":[4],"5":[2],"6":[1],"7":[1],"8":[1],"9":[3],"10":[1],"11":[2],"12":[2],"13":[15],"14":[1],"15":[14],"16":[1],"17":[14],"18":[1],"19":[1],"20":[3],"21":[1],"22":[2],"23":[1],"24":[2],"25":[1]},"fnMap":{"0":{"name":"useStateHistory","decl":{"start":{"line":3,"column":7},"end":{"line":80,"column":1}},"loc":{"start":{"line":3,"column":7},"end":{"line":80,"column":1}},"line":3},"1":{"name":"previousState","decl":{"start":{"line":9,"column":2},"end":{"line":16,"column":3}},"loc":{"start":{"line":9,"column":2},"end":{"line":16,"column":3}},"line":9},"2":{"name":"nextState","decl":{"start":{"line":18,"column":2},"end":{"line":25,"column":3}},"loc":{"start":{"line":18,"column":2},"end":{"line":25,"column":3}},"line":18},"3":{"name":"handleSetCurrentStateIndex","decl":{"start":{"line":27,"column":2},"end":{"line":32,"column":3}},"loc":{"start":{"line":27,"column":2},"end":{"line":32,"column":3}},"line":27},"4":{"name":"addState","decl":{"start":{"line":34,"column":2},"end":{"line":46,"column":3}},"loc":{"start":{"line":34,"column":2},"end":{"line":46,"column":3}},"line":34},"5":{"name":"deleteState","decl":{"start":{"line":48,"column":2},"end":{"line":54,"column":3}},"loc":{"start":{"line":48,"column":2},"end":{"line":54,"column":3}},"line":48},"6":{"name":"handleSetStates","decl":{"start":{"line":56,"column":2},"end":{"line":63,"column":3}},"loc":{"start":{"line":56,"column":2},"end":{"line":63,"column":3}},"line":56},"7":{"name":"clearHistory","decl":{"start":{"line":65,"column":2},"end":{"line":67,"column":3}},"loc":{"start":{"line":65,"column":2},"end":{"line":67,"column":3}},"line":65}},"f":{"0":38,"1":5,"2":2,"3":3,"4":15,"5":1,"6":3,"7":1}}
}
